<?xml version="1.0" encoding="UTF-8"?>
<!-- Generated by org.testng.reporters.JUnitReportReporter -->
<testsuite hostname="Rifu" failures="0" tests="1" name="test_pro.Res_test" time="1310.607" errors="0" timestamp="2024-02-06T10:12:16 IST" skipped="0">
  <testcase classname="test_pro.Res_test" name="test" time="1310.607"/>
  <system-out/>
</testsuite> <!-- test_pro.Res_test -->
